[0925/150859.221:ERROR:process_memory_win.cc(73)] ReadMemory at 0x160b2e271c0 of 32 bytes failed: Only part of a ReadProcessMemory or WriteProcessMemory request was completed. (0x12B)
[0925/150859.227:WARNING:pe_image_annotations_reader.cc(146)] could not read annotation at index 12 in C:\Program Files (x86)\Google\Chrome\Application\77.0.3865.90\chrome_child.dll
[0925/150859.227:ERROR:process_memory_win.cc(73)] ReadMemory at 0x7ffed80b0000 of 64 bytes failed: Only part of a ReadProcessMemory or WriteProcessMemory request was completed. (0x12B)
[0925/150859.227:WARNING:pe_image_reader.cc(340)] could not read dos header from C:\WINDOWS\System32\OLEAUT32.dll
[0925/150859.227:ERROR:process_memory_win.cc(73)] ReadMemory at 0x7ffed80b0000 of 64 bytes failed: Only part of a ReadProcessMemory or WriteProcessMemory request was completed. (0x12B)
[0925/150859.228:WARNING:pe_image_reader.cc(340)] could not read dos header from C:\WINDOWS\System32\OLEAUT32.dll
[0925/150859.228:ERROR:process_memory_win.cc(73)] ReadMemory at 0x7ffed6910000 of 64 bytes failed: Only part of a ReadProcessMemory or WriteProcessMemory request was completed. (0x12B)
[0925/150859.228:WARNING:pe_image_reader.cc(340)] could not read dos header from C:\WINDOWS\System32\msvcp_win.dll
[0925/150859.228:ERROR:process_memory_win.cc(73)] ReadMemory at 0x7ffed6910000 of 64 bytes failed: Only part of a ReadProcessMemory or WriteProcessMemory request was completed. (0x12B)
[0925/150859.228:WARNING:pe_image_reader.cc(340)] could not read dos header from C:\WINDOWS\System32\msvcp_win.dll
[0925/150859.228:ERROR:process_memory_win.cc(73)] ReadMemory at 0x7ffed66c0000 of 64 bytes failed: Only part of a ReadProcessMemory or WriteProcessMemory request was completed. (0x12B)
[0925/150859.228:WARNING:pe_image_reader.cc(340)] could not read dos header from C:\WINDOWS\System32\ucrtbase.dll
[0925/150859.228:ERROR:process_memory_win.cc(73)] ReadMemory at 0x7ffed66c0000 of 64 bytes failed: Only part of a ReadProcessMemory or WriteProcessMemory request was completed. (0x12B)
[0925/150859.228:WARNING:pe_image_reader.cc(340)] could not read dos header from C:\WINDOWS\System32\ucrtbase.dll
[0925/150859.228:ERROR:process_memory_win.cc(73)] ReadMemory at 0x7ffed71e0000 of 64 bytes failed: Only part of a ReadProcessMemory or WriteProcessMemory request was completed. (0x12B)
[0925/150859.228:WARNING:pe_image_reader.cc(340)] could not read dos header from C:\WINDOWS\System32\combase.dll
[0925/150859.228:ERROR:process_memory_win.cc(73)] ReadMemory at 0x7ffed71e0000 of 64 bytes failed: Only part of a ReadProcessMemory or WriteProcessMemory request was completed. (0x12B)
[0925/150859.228:WARNING:pe_image_reader.cc(340)] could not read dos header from C:\WINDOWS\System32\combase.dll
[0925/150859.228:ERROR:process_memory_win.cc(73)] ReadMemory at 0x7ffed7f20000 of 64 bytes failed: Only part of a ReadProcessMemory or WriteProcessMemory request was completed. (0x12B)
[0925/150859.228:WARNING:pe_image_reader.cc(340)] could not read dos header from C:\WINDOWS\System32\WS2_32.dll
[0925/150859.228:ERROR:process_memory_win.cc(73)] ReadMemory at 0x7ffed7f20000 of 64 bytes failed: Only part of a ReadProcessMemory or WriteProcessMemory request was completed. (0x12B)
[0925/150859.228:WARNING:pe_image_reader.cc(340)] could not read dos header from C:\WINDOWS\System32\WS2_32.dll
[0925/150859.228:ERROR:process_memory_win.cc(73)] ReadMemory at 0x7ffed83a0000 of 64 bytes failed: Only part of a ReadProcessMemory or WriteProcessMemory request was completed. (0x12B)
[0925/150859.228:WARNING:pe_image_reader.cc(340)] could not read dos header from C:\WINDOWS\System32\GDI32.dll
[0925/150859.228:ERROR:process_memory_win.cc(73)] ReadMemory at 0x7ffed83a0000 of 64 bytes failed: Only part of a ReadProcessMemory or WriteProcessMemory request was completed. (0x12B)
[0925/150859.228:WARNING:pe_image_reader.cc(340)] could not read dos header from C:\WINDOWS\System32\GDI32.dll
[0925/150859.228:ERROR:process_memory_win.cc(73)] ReadMemory at 0x7ffed5890000 of 64 bytes failed: Only part of a ReadProcessMemory or WriteProcessMemory request was completed. (0x12B)
[0925/150859.228:WARNING:pe_image_reader.cc(340)] could not read dos header from C:\WINDOWS\System32\win32u.dll
[0925/150859.228:ERROR:process_memory_win.cc(73)] ReadMemory at 0x7ffed5890000 of 64 bytes failed: Only part of a ReadProcessMemory or WriteProcessMemory request was completed. (0x12B)
[0925/150859.228:WARNING:pe_image_reader.cc(340)] could not read dos header from C:\WINDOWS\System32\win32u.dll
[0925/150859.228:ERROR:process_memory_win.cc(73)] ReadMemory at 0x7ffed5c20000 of 64 bytes failed: Only part of a ReadProcessMemory or WriteProcessMemory request was completed. (0x12B)
[0925/150859.228:WARNING:pe_image_reader.cc(340)] could not read dos header from C:\WINDOWS\System32\gdi32full.dll
[0925/150859.228:ERROR:process_memory_win.cc(73)] ReadMemory at 0x7ffed5c20000 of 64 bytes failed: Only part of a ReadProcessMemory or WriteProcessMemory request was completed. (0x12B)
[0925/150859.228:WARNING:pe_image_reader.cc(340)] could not read dos header from C:\WINDOWS\System32\gdi32full.dll
[0925/150859.228:ERROR:process_memory_win.cc(73)] ReadMemory at 0x160b2a50000 of 64 bytes failed: Only part of a ReadProcessMemory or WriteProcessMemory request was completed. (0x12B)
[0925/150859.228:WARNING:pe_image_reader.cc(340)] could not read dos header from C:\WINDOWS\System32\USER32.dll
[0925/150859.228:ERROR:process_memory_win.cc(73)] ReadMemory at 0x160b2a50000 of 64 bytes failed: Only part of a ReadProcessMemory or WriteProcessMemory request was completed. (0x12B)
[0925/150859.228:WARNING:pe_image_reader.cc(340)] could not read dos header from C:\WINDOWS\System32\USER32.dll
[0925/150859.229:ERROR:process_memory_win.cc(73)] ReadMemory at 0x7ffed5dc0000 of 64 bytes failed: Only part of a ReadProcessMemory or WriteProcessMemory request was completed. (0x12B)
[0925/150859.229:WARNING:pe_image_reader.cc(340)] could not read dos header from C:\WINDOWS\System32\WINTRUST.dll
[0925/150859.229:ERROR:process_memory_win.cc(73)] ReadMemory at 0x7ffed5dc0000 of 64 bytes failed: Only part of a ReadProcessMemory or WriteProcessMemory request was completed. (0x12B)
[0925/150859.229:WARNING:pe_image_reader.cc(340)] could not read dos header from C:\WINDOWS\System32\WINTRUST.dll
[0925/150859.229:ERROR:process_memory_win.cc(73)] ReadMemory at 0x7ffed5850000 of 64 bytes failed: Only part of a ReadProcessMemory or WriteProcessMemory request was completed. (0x12B)
[0925/150859.229:WARNING:pe_image_reader.cc(340)] could not read dos header from C:\WINDOWS\System32\MSASN1.dll
[0925/150859.229:ERROR:process_memory_win.cc(73)] ReadMemory at 0x7ffed5850000 of 64 bytes failed: Only part of a ReadProcessMemory or WriteProcessMemory request was completed. (0x12B)
[0925/150859.229:WARNING:pe_image_reader.cc(340)] could not read dos header from C:\WINDOWS\System32\MSASN1.dll
[0925/150859.229:ERROR:process_memory_win.cc(73)] ReadMemory at 0x7ffed67c0000 of 64 bytes failed: Only part of a ReadProcessMemory or WriteProcessMemory request was completed. (0x12B)
[0925/150859.229:WARNING:pe_image_reader.cc(340)] could not read dos header from C:\WINDOWS\System32\CRYPT32.dll
[0925/150859.229:ERROR:process_memory_win.cc(73)] ReadMemory at 0x7ffed67c0000 of 64 bytes failed: Only part of a ReadProcessMemory or WriteProcessMemory request was completed. (0x12B)
[0925/150859.229:WARNING:pe_image_reader.cc(340)] could not read dos header from C:\WINDOWS\System32\CRYPT32.dll
[0925/150859.229:ERROR:process_memory_win.cc(73)] ReadMemory at 0x7ffed4cf0000 of 64 bytes failed: Only part of a ReadProcessMemory or WriteProcessMemory request was completed. (0x12B)
[0925/150859.229:WARNING:pe_image_reader.cc(340)] could not read dos header from C:\WINDOWS\SYSTEM32\IPHLPAPI.DLL
[0925/150859.229:ERROR:process_memory_win.cc(73)] ReadMemory at 0x7ffed4cf0000 of 64 bytes failed: Only part of a ReadProcessMemory or WriteProcessMemory request was completed. (0x12B)
[0925/150859.229:WARNING:pe_image_reader.cc(340)] could not read dos header from C:\WINDOWS\SYSTEM32\IPHLPAPI.DLL
[0925/150859.229:ERROR:process_memory_win.cc(73)] ReadMemory at 0x7ffeccb60000 of 64 bytes failed: Only part of a ReadProcessMemory or WriteProcessMemory request was completed. (0x12B)
[0925/150859.229:WARNING:pe_image_reader.cc(340)] could not read dos header from C:\WINDOWS\SYSTEM32\WINMM.dll
[0925/150859.229:ERROR:process_memory_win.cc(73)] ReadMemory at 0x7ffeccb60000 of 64 bytes failed: Only part of a ReadProcessMemory or WriteProcessMemory request was completed. (0x12B)
[0925/150859.229:WARNING:pe_image_reader.cc(340)] could not read dos header from C:\WINDOWS\SYSTEM32\WINMM.dll
[0925/150859.229:ERROR:process_memory_win.cc(73)] ReadMemory at 0x7ffed56c0000 of 64 bytes failed: Only part of a ReadProcessMemory or WriteProcessMemory request was completed. (0x12B)
[0925/150859.229:WARNING:pe_image_reader.cc(340)] could not read dos header from C:\WINDOWS\SYSTEM32\USERENV.dll
[0925/150859.229:ERROR:process_memory_win.cc(73)] ReadMemory at 0x7ffed56c0000 of 64 bytes failed: Only part of a ReadProcessMemory or WriteProcessMemory request was completed. (0x12B)
[0925/150859.229:WARNING:pe_image_reader.cc(340)] could not read dos header from C:\WINDOWS\SYSTEM32\USERENV.dll
[0925/150859.229:ERROR:process_memory_win.cc(73)] ReadMemory at 0x7ffed5870000 of 64 bytes failed: Only part of a ReadProcessMemory or WriteProcessMemory request was completed. (0x12B)
[0925/150859.229:WARNING:pe_image_reader.cc(340)] could not read dos header from C:\WINDOWS\System32\profapi.dll
[0925/150859.229:ERROR:process_memory_win.cc(73)] ReadMemory at 0x7ffed5870000 of 64 bytes failed: Only part of a ReadProcessMemory or WriteProcessMemory request was completed. (0x12B)
[0925/150859.229:WARNING:pe_image_reader.cc(340)] could not read dos header from C:\WINDOWS\System32\profapi.dll
[0925/150859.229:ERROR:process_memory_win.cc(73)] ReadMemory at 0x7ffebd0e0000 of 64 bytes failed: Only part of a ReadProcessMemory or WriteProcessMemory request was completed. (0x12B)
[0925/150859.229:WARNING:pe_image_reader.cc(340)] could not read dos header from C:\WINDOWS\SYSTEM32\DWrite.dll
[0925/150859.229:ERROR:process_memory_win.cc(73)] ReadMemory at 0x7ffebd0e0000 of 64 bytes failed: Only part of a ReadProcessMemory or WriteProcessMemory request was completed. (0x12B)
[0925/150859.229:WARNING:pe_image_reader.cc(340)] could not read dos header from C:\WINDOWS\SYSTEM32\DWrite.dll
[0925/150859.229:ERROR:process_memory_win.cc(73)] ReadMemory at 0x7ffeca770000 of 64 bytes failed: Only part of a ReadProcessMemory or WriteProcessMemory request was completed. (0x12B)
[0925/150859.229:WARNING:pe_image_reader.cc(340)] could not read dos header from C:\WINDOWS\SYSTEM32\WINSPOOL.DRV
[0925/150859.229:ERROR:process_memory_win.cc(73)] ReadMemory at 0x7ffeca770000 of 64 bytes failed: Only part of a ReadProcessMemory or WriteProcessMemory request was completed. (0x12B)
[0925/150859.229:WARNING:pe_image_reader.cc(340)] could not read dos header from C:\WINDOWS\SYSTEM32\WINSPOOL.DRV
[0925/150859.229:ERROR:process_memory_win.cc(73)] ReadMemory at 0x7ffed57e0000 of 64 bytes failed: Only part of a ReadProcessMemory or WriteProcessMemory request was completed. (0x12B)
[0925/150859.229:WARNING:pe_image_reader.cc(340)] could not read dos header from C:\WINDOWS\System32\kernel.appcore.dll
[0925/150859.229:ERROR:process_memory_win.cc(73)] ReadMemory at 0x7ffed57e0000 of 64 bytes failed: Only part of a ReadProcessMemory or WriteProcessMemory request was completed. (0x12B)
[0925/150859.229:WARNING:pe_image_reader.cc(340)] could not read dos header from C:\WINDOWS\System32\kernel.appcore.dll
[0925/150859.229:ERROR:process_memory_win.cc(73)] ReadMemory at 0x7ffed58c0000 of 64 bytes failed: Only part of a ReadProcessMemory or WriteProcessMemory request was completed. (0x12B)
[0925/150859.229:WARNING:pe_image_reader.cc(340)] could not read dos header from C:\WINDOWS\System32\bcrypt.dll
[0925/150859.229:ERROR:process_memory_win.cc(73)] ReadMemory at 0x7ffed58c0000 of 64 bytes failed: Only part of a ReadProcessMemory or WriteProcessMemory request was completed. (0x12B)
[0925/150859.229:WARNING:pe_image_reader.cc(340)] could not read dos header from C:\WINDOWS\System32\bcrypt.dll
[0925/150859.229:ERROR:process_memory_win.cc(73)] ReadMemory at 0x7ffec1b00000 of 64 bytes failed: Only part of a ReadProcessMemory or WriteProcessMemory request was completed. (0x12B)
[0925/150859.229:WARNING:pe_image_reader.cc(340)] could not read dos header from C:\WINDOWS\SYSTEM32\dbghelp.dll
[0925/150859.229:ERROR:process_memory_win.cc(73)] ReadMemory at 0x7ffec1b00000 of 64 bytes failed: Only part of a ReadProcessMemory or WriteProcessMemory request was completed. (0x12B)
[0925/150859.229:WARNING:pe_image_reader.cc(340)] could not read dos header from C:\WINDOWS\SYSTEM32\dbghelp.dll
[0925/150859.229:ERROR:process_memory_win.cc(73)] ReadMemory at 0x7ffecf620000 of 64 bytes failed: Only part of a ReadProcessMemory or WriteProcessMemory request was completed. (0x12B)
[0925/150859.229:WARNING:pe_image_reader.cc(340)] could not read dos header from C:\WINDOWS\SYSTEM32\WINHTTP.dll
[0925/150859.229:ERROR:process_memory_win.cc(73)] ReadMemory at 0x7ffecf620000 of 64 bytes failed: Only part of a ReadProcessMemory or WriteProcessMemory request was completed. (0x12B)
[0925/150859.229:WARNING:pe_image_reader.cc(340)] could not read dos header from C:\WINDOWS\SYSTEM32\WINHTTP.dll
[0925/150859.229:ERROR:process_memory_win.cc(73)] ReadMemory at 0x7ffecc170000 of 64 bytes failed: Only part of a ReadProcessMemory or WriteProcessMemory request was completed. (0x12B)
[0925/150859.229:WARNING:pe_image_reader.cc(340)] could not read dos header from C:\WINDOWS\SYSTEM32\Secur32.dll
[0925/150859.230:ERROR:process_memory_win.cc(73)] ReadMemory at 0x7ffecc170000 of 64 bytes failed: Only part of a ReadProcessMemory or WriteProcessMemory request was completed. (0x12B)
[0925/150859.230:WARNING:pe_image_reader.cc(340)] could not read dos header from C:\WINDOWS\SYSTEM32\Secur32.dll
[0925/150859.230:ERROR:process_memory_win.cc(73)] ReadMemory at 0x7ffed0770000 of 64 bytes failed: Only part of a ReadProcessMemory or WriteProcessMemory request was completed. (0x12B)
[0925/150859.230:WARNING:pe_image_reader.cc(340)] could not read dos header from C:\WINDOWS\SYSTEM32\dhcpcsvc.DLL
[0925/150859.230:ERROR:process_memory_win.cc(73)] ReadMemory at 0x7ffed0770000 of 64 bytes failed: Only part of a ReadProcessMemory or WriteProcessMemory request was completed. (0x12B)
[0925/150859.230:WARNING:pe_image_reader.cc(340)] could not read dos header from C:\WINDOWS\SYSTEM32\dhcpcsvc.DLL
[0925/150859.230:ERROR:process_memory_win.cc(73)] ReadMemory at 0x7ffed7f10000 of 64 bytes failed: Only part of a ReadProcessMemory or WriteProcessMemory request was completed. (0x12B)
[0925/150859.230:WARNING:pe_image_reader.cc(340)] could not read dos header from C:\WINDOWS\System32\NSI.dll
[0925/150859.230:ERROR:process_memory_win.cc(73)] ReadMemory at 0x7ffed7f10000 of 64 bytes failed: Only part of a ReadProcessMemory or WriteProcessMemory request was completed. (0x12B)
[0925/150859.230:WARNING:pe_image_reader.cc(340)] could not read dos header from C:\WINDOWS\System32\NSI.dll
[0925/150859.230:ERROR:process_memory_win.cc(73)] ReadMemory at 0x7ffeccaa0000 of 64 bytes failed: Only part of a ReadProcessMemory or WriteProcessMemory request was completed. (0x12B)
[0925/150859.230:WARNING:pe_image_reader.cc(340)] could not read dos header from C:\WINDOWS\SYSTEM32\WINMMBASE.dll
[0925/150859.230:ERROR:process_memory_win.cc(73)] ReadMemory at 0x7ffeccaa0000 of 64 bytes failed: Only part of a ReadProcessMemory or WriteProcessMemory request was completed. (0x12B)
[0925/150859.230:WARNING:pe_image_reader.cc(340)] could not read dos header from C:\WINDOWS\SYSTEM32\WINMMBASE.dll
[0925/150859.230:ERROR:process_memory_win.cc(73)] ReadMemory at 0x7ffed65a0000 of 64 bytes failed: Only part of a ReadProcessMemory or WriteProcessMemory request was completed. (0x12B)
[0925/150859.230:WARNING:pe_image_reader.cc(340)] could not read dos header from C:\WINDOWS\System32\cfgmgr32.dll
[0925/150859.230:ERROR:process_memory_win.cc(73)] ReadMemory at 0x7ffed65a0000 of 64 bytes failed: Only part of a ReadProcessMemory or WriteProcessMemory request was completed. (0x12B)
[0925/150859.230:WARNING:pe_image_reader.cc(340)] could not read dos header from C:\WINDOWS\System32\cfgmgr32.dll
[0925/150859.230:ERROR:process_memory_win.cc(73)] ReadMemory at 0x7ffed1f30000 of 64 bytes failed: Only part of a ReadProcessMemory or WriteProcessMemory request was completed. (0x12B)
[0925/150859.230:WARNING:pe_image_reader.cc(340)] could not read dos header from C:\WINDOWS\SYSTEM32\PROPSYS.dll
[0925/150859.230:ERROR:process_memory_win.cc(73)] ReadMemory at 0x7ffed1f30000 of 64 bytes failed: Only part of a ReadProcessMemory or WriteProcessMemory request was completed. (0x12B)
[0925/150859.230:WARNING:pe_image_reader.cc(340)] could not read dos header from C:\WINDOWS\SYSTEM32\PROPSYS.dll
[0925/150859.230:ERROR:process_memory_win.cc(73)] ReadMemory at 0x7ffed8760000 of 64 bytes failed: Only part of a ReadProcessMemory or WriteProcessMemory request was completed. (0x12B)
[0925/150859.230:WARNING:pe_image_reader.cc(340)] could not read dos header from C:\WINDOWS\System32\shcore.dll
[0925/150859.230:ERROR:process_memory_win.cc(73)] ReadMemory at 0x7ffed8760000 of 64 bytes failed: Only part of a ReadProcessMemory or WriteProcessMemory request was completed. (0x12B)
[0925/150859.230:WARNING:pe_image_reader.cc(340)] could not read dos header from C:\WINDOWS\System32\shcore.dll
[0925/150859.230:ERROR:process_memory_win.cc(73)] ReadMemory at 0x7ffed56f0000 of 64 bytes failed: Only part of a ReadProcessMemory or WriteProcessMemory request was completed. (0x12B)
[0925/150859.230:WARNING:pe_image_reader.cc(340)] could not read dos header from C:\WINDOWS\SYSTEM32\SSPICLI.DLL
[0925/150859.230:ERROR:process_memory_win.cc(73)] ReadMemory at 0x7ffed56f0000 of 64 bytes failed: Only part of a ReadProcessMemory or WriteProcessMemory request was completed. (0x12B)
[0925/150859.230:WARNING:pe_image_reader.cc(340)] could not read dos header from C:\WINDOWS\SYSTEM32\SSPICLI.DLL
[0925/150859.230:ERROR:process_memory_win.cc(73)] ReadMemory at 0x7ffed7e10000 of 64 bytes failed: Only part of a ReadProcessMemory or WriteProcessMemory request was completed. (0x12B)
[0925/150859.230:WARNING:pe_image_reader.cc(340)] could not read dos header from C:\WINDOWS\System32\IMM32.DLL
[0925/150859.230:ERROR:process_memory_win.cc(73)] ReadMemory at 0x7ffed7e10000 of 64 bytes failed: Only part of a ReadProcessMemory or WriteProcessMemory request was completed. (0x12B)
[0925/150859.230:WARNING:pe_image_reader.cc(340)] could not read dos header from C:\WINDOWS\System32\IMM32.DLL
[0925/150859.230:ERROR:process_memory_win.cc(73)] ReadMemory at 0x7ffed51b0000 of 64 bytes failed: Only part of a ReadProcessMemory or WriteProcessMemory request was completed. (0x12B)
[0925/150859.230:WARNING:pe_image_reader.cc(340)] could not read dos header from C:\WINDOWS\SYSTEM32\CRYPTBASE.DLL
[0925/150859.230:ERROR:process_memory_win.cc(73)] ReadMemory at 0x7ffed51b0000 of 64 bytes failed: Only part of a ReadProcessMemory or WriteProcessMemory request was completed. (0x12B)
[0925/150859.230:WARNING:pe_image_reader.cc(340)] could not read dos header from C:\WINDOWS\SYSTEM32\CRYPTBASE.DLL
[0925/150859.280:ERROR:process_memory_win.cc(73)] ReadMemory at 0x7ff6ef260000 of 64 bytes failed: Only part of a ReadProcessMemory or WriteProcessMemory request was completed. (0x12B)
[0925/150859.280:WARNING:pe_image_reader.cc(340)] could not read dos header from C:\Program Files (x86)\Google\Chrome\Application\chrome.exe
[0925/150859.280:ERROR:process_memory_win.cc(73)] ReadMemory at 0x7ffed8900000 of 64 bytes failed: Only part of a ReadProcessMemory or WriteProcessMemory request was completed. (0x12B)
[0925/150859.280:WARNING:pe_image_reader.cc(340)] could not read dos header from C:\WINDOWS\SYSTEM32\ntdll.dll
[0925/150859.280:ERROR:process_memory_win.cc(73)] ReadMemory at 0x7ffed7be0000 of 64 bytes failed: Only part of a ReadProcessMemory or WriteProcessMemory request was completed. (0x12B)
[0925/150859.280:WARNING:pe_image_reader.cc(340)] could not read dos header from C:\WINDOWS\System32\KERNEL32.DLL
[0925/150859.280:ERROR:process_memory_win.cc(73)] ReadMemory at 0x7ffed58f0000 of 64 bytes failed: Only part of a ReadProcessMemory or WriteProcessMemory request was completed. (0x12B)
[0925/150859.280:WARNING:pe_image_reader.cc(340)] could not read dos header from C:\WINDOWS\System32\KERNELBASE.dll
[0925/150859.280:ERROR:process_memory_win.cc(73)] ReadMemory at 0x7ffec4400000 of 64 bytes failed: Only part of a ReadProcessMemory or WriteProcessMemory request was completed. (0x12B)
[0925/150859.280:WARNING:pe_image_reader.cc(340)] could not read dos header from C:\Program Files (x86)\Google\Chrome\Application\77.0.3865.90\chrome_elf.dll
[0925/150859.280:ERROR:process_memory_win.cc(73)] ReadMemory at 0x7ffed0760000 of 64 bytes failed: Only part of a ReadProcessMemory or WriteProcessMemory request was completed. (0x12B)
[0925/150859.280:WARNING:pe_image_reader.cc(340)] could not read dos header from C:\WINDOWS\SYSTEM32\VERSION.dll
[0925/150859.280:ERROR:process_memory_win.cc(73)] ReadMemory at 0x7ffed8010000 of 64 bytes failed: Only part of a ReadProcessMemory or WriteProcessMemory request was completed. (0x12B)
[0925/150859.280:WARNING:pe_image_reader.cc(340)] could not read dos header from C:\WINDOWS\System32\msvcrt.dll
[0925/150859.280:ERROR:process_memory_win.cc(73)] ReadMemory at 0x7ffed5ba0000 of 64 bytes failed: Only part of a ReadProcessMemory or WriteProcessMemory request was completed. (0x12B)
[0925/150859.280:WARNING:pe_image_reader.cc(340)] could not read dos header from C:\WINDOWS\System32\bcryptPrimitives.dll
[0925/150859.280:ERROR:process_memory_win.cc(73)] ReadMemory at 0x7ffed7520000 of 64 bytes failed: Only part of a ReadProcessMemory or WriteProcessMemory request was completed. (0x12B)
[0925/150859.280:WARNING:pe_image_reader.cc(340)] could not read dos header from C:\WINDOWS\System32\ADVAPI32.dll
[0925/150859.280:ERROR:process_memory_win.cc(73)] ReadMemory at 0x7ffed7e60000 of 64 bytes failed: Only part of a ReadProcessMemory or WriteProcessMemory request was completed. (0x12B)
[0925/150859.280:WARNING:pe_image_reader.cc(340)] could not read dos header from C:\WINDOWS\System32\sechost.dll
[0925/150859.280:ERROR:process_memory_win.cc(73)] ReadMemory at 0x7ffed8570000 of 64 bytes failed: Only part of a ReadProcessMemory or WriteProcessMemory request was completed. (0x12B)
[0925/150859.280:WARNING:pe_image_reader.cc(340)] could not read dos header from C:\WINDOWS\System32\RPCRT4.dll
[0925/150859.280:ERROR:process_memory_win.cc(73)] ReadMemory at 0x7ffe95a30000 of 64 bytes failed: Only part of a ReadProcessMemory or WriteProcessMemory request was completed. (0x12B)
[0925/150859.280:WARNING:pe_image_reader.cc(340)] could not read dos header from C:\Program Files (x86)\Google\Chrome\Application\77.0.3865.90\chrome_child.dll
[0925/150859.280:ERROR:process_memory_win.cc(73)] ReadMemory at 0x7ffed80b0000 of 64 bytes failed: Only part of a ReadProcessMemory or WriteProcessMemory request was completed. (0x12B)
[0925/150859.280:WARNING:pe_image_reader.cc(340)] could not read dos header from C:\WINDOWS\System32\OLEAUT32.dll
[0925/150859.280:ERROR:process_memory_win.cc(73)] ReadMemory at 0x7ffed6910000 of 64 bytes failed: Only part of a ReadProcessMemory or WriteProcessMemory request was completed. (0x12B)
[0925/150859.280:WARNING:pe_image_reader.cc(340)] could not read dos header from C:\WINDOWS\System32\msvcp_win.dll
[0925/150859.280:ERROR:process_memory_win.cc(73)] ReadMemory at 0x7ffed66c0000 of 64 bytes failed: Only part of a ReadProcessMemory or WriteProcessMemory request was completed. (0x12B)
[0925/150859.280:WARNING:pe_image_reader.cc(340)] could not read dos header from C:\WINDOWS\System32\ucrtbase.dll
[0925/150859.280:ERROR:process_memory_win.cc(73)] ReadMemory at 0x7ffed71e0000 of 64 bytes failed: Only part of a ReadProcessMemory or WriteProcessMemory request was completed. (0x12B)
[0925/150859.280:WARNING:pe_image_reader.cc(340)] could not read dos header from C:\WINDOWS\System32\combase.dll
[0925/150859.281:ERROR:process_memory_win.cc(73)] ReadMemory at 0x7ffed7f20000 of 64 bytes failed: Only part of a ReadProcessMemory or WriteProcessMemory request was completed. (0x12B)
[0925/150859.281:WARNING:pe_image_reader.cc(340)] could not read dos header from C:\WINDOWS\System32\WS2_32.dll
[0925/150859.281:ERROR:process_memory_win.cc(73)] ReadMemory at 0x7ffed83a0000 of 64 bytes failed: Only part of a ReadProcessMemory or WriteProcessMemory request was completed. (0x12B)
[0925/150859.281:WARNING:pe_image_reader.cc(340)] could not read dos header from C:\WINDOWS\System32\GDI32.dll
[0925/150859.281:ERROR:process_memory_win.cc(73)] ReadMemory at 0x7ffed5890000 of 64 bytes failed: Only part of a ReadProcessMemory or WriteProcessMemory request was completed. (0x12B)
[0925/150859.281:WARNING:pe_image_reader.cc(340)] could not read dos header from C:\WINDOWS\System32\win32u.dll
[0925/150859.281:ERROR:process_memory_win.cc(73)] ReadMemory at 0x7ffed5c20000 of 64 bytes failed: Only part of a ReadProcessMemory or WriteProcessMemory request was completed. (0x12B)
[0925/150859.281:WARNING:pe_image_reader.cc(340)] could not read dos header from C:\WINDOWS\System32\gdi32full.dll
[0925/150859.281:ERROR:process_memory_win.cc(73)] ReadMemory at 0x160b2a50000 of 64 bytes failed: Only part of a ReadProcessMemory or WriteProcessMemory request was completed. (0x12B)
[0925/150859.281:WARNING:pe_image_reader.cc(340)] could not read dos header from C:\WINDOWS\System32\USER32.dll
[0925/150859.281:ERROR:process_memory_win.cc(73)] ReadMemory at 0x7ffed5dc0000 of 64 bytes failed: Only part of a ReadProcessMemory or WriteProcessMemory request was completed. (0x12B)
[0925/150859.281:WARNING:pe_image_reader.cc(340)] could not read dos header from C:\WINDOWS\System32\WINTRUST.dll
[0925/150859.281:ERROR:process_memory_win.cc(73)] ReadMemory at 0x7ffed5850000 of 64 bytes failed: Only part of a ReadProcessMemory or WriteProcessMemory request was completed. (0x12B)
[0925/150859.281:WARNING:pe_image_reader.cc(340)] could not read dos header from C:\WINDOWS\System32\MSASN1.dll
[0925/150859.281:ERROR:process_memory_win.cc(73)] ReadMemory at 0x7ffed67c0000 of 64 bytes failed: Only part of a ReadProcessMemory or WriteProcessMemory request was completed. (0x12B)
[0925/150859.281:WARNING:pe_image_reader.cc(340)] could not read dos header from C:\WINDOWS\System32\CRYPT32.dll
[0925/150859.281:ERROR:process_memory_win.cc(73)] ReadMemory at 0x7ffed4cf0000 of 64 bytes failed: Only part of a ReadProcessMemory or WriteProcessMemory request was completed. (0x12B)
[0925/150859.281:WARNING:pe_image_reader.cc(340)] could not read dos header from C:\WINDOWS\SYSTEM32\IPHLPAPI.DLL
[0925/150859.281:ERROR:process_memory_win.cc(73)] ReadMemory at 0x7ffeccb60000 of 64 bytes failed: Only part of a ReadProcessMemory or WriteProcessMemory request was completed. (0x12B)
[0925/150859.281:WARNING:pe_image_reader.cc(340)] could not read dos header from C:\WINDOWS\SYSTEM32\WINMM.dll
[0925/150859.281:ERROR:process_memory_win.cc(73)] ReadMemory at 0x7ffed56c0000 of 64 bytes failed: Only part of a ReadProcessMemory or WriteProcessMemory request was completed. (0x12B)
[0925/150859.281:WARNING:pe_image_reader.cc(340)] could not read dos header from C:\WINDOWS\SYSTEM32\USERENV.dll
[0925/150859.281:ERROR:process_memory_win.cc(73)] ReadMemory at 0x7ffed5870000 of 64 bytes failed: Only part of a ReadProcessMemory or WriteProcessMemory request was completed. (0x12B)
[0925/150859.281:WARNING:pe_image_reader.cc(340)] could not read dos header from C:\WINDOWS\System32\profapi.dll
[0925/150859.281:ERROR:process_memory_win.cc(73)] ReadMemory at 0x7ffebd0e0000 of 64 bytes failed: Only part of a ReadProcessMemory or WriteProcessMemory request was completed. (0x12B)
[0925/150859.281:WARNING:pe_image_reader.cc(340)] could not read dos header from C:\WINDOWS\SYSTEM32\DWrite.dll
[0925/150859.281:ERROR:process_memory_win.cc(73)] ReadMemory at 0x7ffeca770000 of 64 bytes failed: Only part of a ReadProcessMemory or WriteProcessMemory request was completed. (0x12B)
[0925/150859.281:WARNING:pe_image_reader.cc(340)] could not read dos header from C:\WINDOWS\SYSTEM32\WINSPOOL.DRV
[0925/150859.281:ERROR:process_memory_win.cc(73)] ReadMemory at 0x7ffed57e0000 of 64 bytes failed: Only part of a ReadProcessMemory or WriteProcessMemory request was completed. (0x12B)
[0925/150859.281:WARNING:pe_image_reader.cc(340)] could not read dos header from C:\WINDOWS\System32\kernel.appcore.dll
[0925/150859.281:ERROR:process_memory_win.cc(73)] ReadMemory at 0x7ffed58c0000 of 64 bytes failed: Only part of a ReadProcessMemory or WriteProcessMemory request was completed. (0x12B)
[0925/150859.281:WARNING:pe_image_reader.cc(340)] could not read dos header from C:\WINDOWS\System32\bcrypt.dll
[0925/150859.281:ERROR:process_memory_win.cc(73)] ReadMemory at 0x7ffec1b00000 of 64 bytes failed: Only part of a ReadProcessMemory or WriteProcessMemory request was completed. (0x12B)
[0925/150859.281:WARNING:pe_image_reader.cc(340)] could not read dos header from C:\WINDOWS\SYSTEM32\dbghelp.dll
[0925/150859.281:ERROR:process_memory_win.cc(73)] ReadMemory at 0x7ffecf620000 of 64 bytes failed: Only part of a ReadProcessMemory or WriteProcessMemory request was completed. (0x12B)
[0925/150859.281:WARNING:pe_image_reader.cc(340)] could not read dos header from C:\WINDOWS\SYSTEM32\WINHTTP.dll
[0925/150859.281:ERROR:process_memory_win.cc(73)] ReadMemory at 0x7ffecc170000 of 64 bytes failed: Only part of a ReadProcessMemory or WriteProcessMemory request was completed. (0x12B)
[0925/150859.281:WARNING:pe_image_reader.cc(340)] could not read dos header from C:\WINDOWS\SYSTEM32\Secur32.dll
[0925/150859.282:ERROR:process_memory_win.cc(73)] ReadMemory at 0x7ffed0770000 of 64 bytes failed: Only part of a ReadProcessMemory or WriteProcessMemory request was completed. (0x12B)
[0925/150859.282:WARNING:pe_image_reader.cc(340)] could not read dos header from C:\WINDOWS\SYSTEM32\dhcpcsvc.DLL
[0925/150859.282:ERROR:process_memory_win.cc(73)] ReadMemory at 0x7ffed7f10000 of 64 bytes failed: Only part of a ReadProcessMemory or WriteProcessMemory request was completed. (0x12B)
[0925/150859.282:WARNING:pe_image_reader.cc(340)] could not read dos header from C:\WINDOWS\System32\NSI.dll
[0925/150859.282:ERROR:process_memory_win.cc(73)] ReadMemory at 0x7ffeccaa0000 of 64 bytes failed: Only part of a ReadProcessMemory or WriteProcessMemory request was completed. (0x12B)
[0925/150859.282:WARNING:pe_image_reader.cc(340)] could not read dos header from C:\WINDOWS\SYSTEM32\WINMMBASE.dll
[0925/150859.282:ERROR:process_memory_win.cc(73)] ReadMemory at 0x7ffed65a0000 of 64 bytes failed: Only part of a ReadProcessMemory or WriteProcessMemory request was completed. (0x12B)
[0925/150859.282:WARNING:pe_image_reader.cc(340)] could not read dos header from C:\WINDOWS\System32\cfgmgr32.dll
[0925/150859.282:ERROR:process_memory_win.cc(73)] ReadMemory at 0x7ffed1f30000 of 64 bytes failed: Only part of a ReadProcessMemory or WriteProcessMemory request was completed. (0x12B)
[0925/150859.282:WARNING:pe_image_reader.cc(340)] could not read dos header from C:\WINDOWS\SYSTEM32\PROPSYS.dll
[0925/150859.282:ERROR:process_memory_win.cc(73)] ReadMemory at 0x7ffed8760000 of 64 bytes failed: Only part of a ReadProcessMemory or WriteProcessMemory request was completed. (0x12B)
[0925/150859.282:WARNING:pe_image_reader.cc(340)] could not read dos header from C:\WINDOWS\System32\shcore.dll
[0925/150859.282:ERROR:process_memory_win.cc(73)] ReadMemory at 0x7ffed56f0000 of 64 bytes failed: Only part of a ReadProcessMemory or WriteProcessMemory request was completed. (0x12B)
[0925/150859.282:WARNING:pe_image_reader.cc(340)] could not read dos header from C:\WINDOWS\SYSTEM32\SSPICLI.DLL
[0925/150859.282:ERROR:process_memory_win.cc(73)] ReadMemory at 0x7ffed7e10000 of 64 bytes failed: Only part of a ReadProcessMemory or WriteProcessMemory request was completed. (0x12B)
[0925/150859.282:WARNING:pe_image_reader.cc(340)] could not read dos header from C:\WINDOWS\System32\IMM32.DLL
[0925/150859.282:ERROR:process_memory_win.cc(73)] ReadMemory at 0x7ffed51b0000 of 64 bytes failed: Only part of a ReadProcessMemory or WriteProcessMemory request was completed. (0x12B)
[0925/150859.282:WARNING:pe_image_reader.cc(340)] could not read dos header from C:\WINDOWS\SYSTEM32\CRYPTBASE.DLL
[0925/150859.282:ERROR:process_memory_win.cc(73)] ReadMemory at 0x7ff6ef260000 of 64 bytes failed: Only part of a ReadProcessMemory or WriteProcessMemory request was completed. (0x12B)
[0925/150859.282:WARNING:pe_image_reader.cc(340)] could not read dos header from C:\Program Files (x86)\Google\Chrome\Application\chrome.exe
[0925/150859.282:ERROR:process_memory_win.cc(73)] ReadMemory at 0x7ffed8900000 of 64 bytes failed: Only part of a ReadProcessMemory or WriteProcessMemory request was completed. (0x12B)
[0925/150859.282:WARNING:pe_image_reader.cc(340)] could not read dos header from C:\WINDOWS\SYSTEM32\ntdll.dll
[0925/150859.282:ERROR:process_memory_win.cc(73)] ReadMemory at 0x7ffed7be0000 of 64 bytes failed: Only part of a ReadProcessMemory or WriteProcessMemory request was completed. (0x12B)
[0925/150859.282:WARNING:pe_image_reader.cc(340)] could not read dos header from C:\WINDOWS\System32\KERNEL32.DLL
[0925/150859.282:ERROR:process_memory_win.cc(73)] ReadMemory at 0x7ffed58f0000 of 64 bytes failed: Only part of a ReadProcessMemory or WriteProcessMemory request was completed. (0x12B)
[0925/150859.282:WARNING:pe_image_reader.cc(340)] could not read dos header from C:\WINDOWS\System32\KERNELBASE.dll
[0925/150859.282:ERROR:process_memory_win.cc(73)] ReadMemory at 0x7ffec4400000 of 64 bytes failed: Only part of a ReadProcessMemory or WriteProcessMemory request was completed. (0x12B)
[0925/150859.282:WARNING:pe_image_reader.cc(340)] could not read dos header from C:\Program Files (x86)\Google\Chrome\Application\77.0.3865.90\chrome_elf.dll
[0925/150859.282:ERROR:process_memory_win.cc(73)] ReadMemory at 0x7ffed0760000 of 64 bytes failed: Only part of a ReadProcessMemory or WriteProcessMemory request was completed. (0x12B)
[0925/150859.282:WARNING:pe_image_reader.cc(340)] could not read dos header from C:\WINDOWS\SYSTEM32\VERSION.dll
[0925/150859.282:ERROR:process_memory_win.cc(73)] ReadMemory at 0x7ffed8010000 of 64 bytes failed: Only part of a ReadProcessMemory or WriteProcessMemory request was completed. (0x12B)
[0925/150859.282:WARNING:pe_image_reader.cc(340)] could not read dos header from C:\WINDOWS\System32\msvcrt.dll
[0925/150859.282:ERROR:process_memory_win.cc(73)] ReadMemory at 0x7ffed5ba0000 of 64 bytes failed: Only part of a ReadProcessMemory or WriteProcessMemory request was completed. (0x12B)
[0925/150859.282:WARNING:pe_image_reader.cc(340)] could not read dos header from C:\WINDOWS\System32\bcryptPrimitives.dll
[0925/150859.282:ERROR:process_memory_win.cc(73)] ReadMemory at 0x7ffed7520000 of 64 bytes failed: Only part of a ReadProcessMemory or WriteProcessMemory request was completed. (0x12B)
[0925/150859.282:WARNING:pe_image_reader.cc(340)] could not read dos header from C:\WINDOWS\System32\ADVAPI32.dll
[0925/150859.282:ERROR:process_memory_win.cc(73)] ReadMemory at 0x7ffed7e60000 of 64 bytes failed: Only part of a ReadProcessMemory or WriteProcessMemory request was completed. (0x12B)
[0925/150859.282:WARNING:pe_image_reader.cc(340)] could not read dos header from C:\WINDOWS\System32\sechost.dll
[0925/150859.283:ERROR:process_memory_win.cc(73)] ReadMemory at 0x7ffed8570000 of 64 bytes failed: Only part of a ReadProcessMemory or WriteProcessMemory request was completed. (0x12B)
[0925/150859.283:WARNING:pe_image_reader.cc(340)] could not read dos header from C:\WINDOWS\System32\RPCRT4.dll
[0925/150859.283:ERROR:process_memory_win.cc(73)] ReadMemory at 0x7ffe95a30000 of 64 bytes failed: Only part of a ReadProcessMemory or WriteProcessMemory request was completed. (0x12B)
[0925/150859.283:WARNING:pe_image_reader.cc(340)] could not read dos header from C:\Program Files (x86)\Google\Chrome\Application\77.0.3865.90\chrome_child.dll
[0925/150859.283:ERROR:process_memory_win.cc(73)] ReadMemory at 0x7ffed80b0000 of 64 bytes failed: Only part of a ReadProcessMemory or WriteProcessMemory request was completed. (0x12B)
[0925/150859.283:WARNING:pe_image_reader.cc(340)] could not read dos header from C:\WINDOWS\System32\OLEAUT32.dll
[0925/150859.283:ERROR:process_memory_win.cc(73)] ReadMemory at 0x7ffed6910000 of 64 bytes failed: Only part of a ReadProcessMemory or WriteProcessMemory request was completed. (0x12B)
[0925/150859.283:WARNING:pe_image_reader.cc(340)] could not read dos header from C:\WINDOWS\System32\msvcp_win.dll
[0925/150859.283:ERROR:process_memory_win.cc(73)] ReadMemory at 0x7ffed66c0000 of 64 bytes failed: Only part of a ReadProcessMemory or WriteProcessMemory request was completed. (0x12B)
[0925/150859.283:WARNING:pe_image_reader.cc(340)] could not read dos header from C:\WINDOWS\System32\ucrtbase.dll
[0925/150859.283:ERROR:process_memory_win.cc(73)] ReadMemory at 0x7ffed71e0000 of 64 bytes failed: Only part of a ReadProcessMemory or WriteProcessMemory request was completed. (0x12B)
[0925/150859.283:WARNING:pe_image_reader.cc(340)] could not read dos header from C:\WINDOWS\System32\combase.dll
[0925/150859.283:ERROR:process_memory_win.cc(73)] ReadMemory at 0x7ffed7f20000 of 64 bytes failed: Only part of a ReadProcessMemory or WriteProcessMemory request was completed. (0x12B)
[0925/150859.283:WARNING:pe_image_reader.cc(340)] could not read dos header from C:\WINDOWS\System32\WS2_32.dll
[0925/150859.283:ERROR:process_memory_win.cc(73)] ReadMemory at 0x7ffed83a0000 of 64 bytes failed: Only part of a ReadProcessMemory or WriteProcessMemory request was completed. (0x12B)
[0925/150859.283:WARNING:pe_image_reader.cc(340)] could not read dos header from C:\WINDOWS\System32\GDI32.dll
[0925/150859.283:ERROR:process_memory_win.cc(73)] ReadMemory at 0x7ffed5890000 of 64 bytes failed: Only part of a ReadProcessMemory or WriteProcessMemory request was completed. (0x12B)
[0925/150859.283:WARNING:pe_image_reader.cc(340)] could not read dos header from C:\WINDOWS\System32\win32u.dll
[0925/150859.283:ERROR:process_memory_win.cc(73)] ReadMemory at 0x7ffed5c20000 of 64 bytes failed: Only part of a ReadProcessMemory or WriteProcessMemory request was completed. (0x12B)
[0925/150859.283:WARNING:pe_image_reader.cc(340)] could not read dos header from C:\WINDOWS\System32\gdi32full.dll
[0925/150859.283:ERROR:process_memory_win.cc(73)] ReadMemory at 0x160b2a50000 of 64 bytes failed: Only part of a ReadProcessMemory or WriteProcessMemory request was completed. (0x12B)
[0925/150859.283:WARNING:pe_image_reader.cc(340)] could not read dos header from C:\WINDOWS\System32\USER32.dll
[0925/150859.283:ERROR:process_memory_win.cc(73)] ReadMemory at 0x7ffed5dc0000 of 64 bytes failed: Only part of a ReadProcessMemory or WriteProcessMemory request was completed. (0x12B)
[0925/150859.283:WARNING:pe_image_reader.cc(340)] could not read dos header from C:\WINDOWS\System32\WINTRUST.dll
[0925/150859.283:ERROR:process_memory_win.cc(73)] ReadMemory at 0x7ffed5850000 of 64 bytes failed: Only part of a ReadProcessMemory or WriteProcessMemory request was completed. (0x12B)
[0925/150859.283:WARNING:pe_image_reader.cc(340)] could not read dos header from C:\WINDOWS\System32\MSASN1.dll
[0925/150859.283:ERROR:process_memory_win.cc(73)] ReadMemory at 0x7ffed67c0000 of 64 bytes failed: Only part of a ReadProcessMemory or WriteProcessMemory request was completed. (0x12B)
[0925/150859.283:WARNING:pe_image_reader.cc(340)] could not read dos header from C:\WINDOWS\System32\CRYPT32.dll
[0925/150859.283:ERROR:process_memory_win.cc(73)] ReadMemory at 0x7ffed4cf0000 of 64 bytes failed: Only part of a ReadProcessMemory or WriteProcessMemory request was completed. (0x12B)
[0925/150859.283:WARNING:pe_image_reader.cc(340)] could not read dos header from C:\WINDOWS\SYSTEM32\IPHLPAPI.DLL
[0925/150859.283:ERROR:process_memory_win.cc(73)] ReadMemory at 0x7ffeccb60000 of 64 bytes failed: Only part of a ReadProcessMemory or WriteProcessMemory request was completed. (0x12B)
[0925/150859.283:WARNING:pe_image_reader.cc(340)] could not read dos header from C:\WINDOWS\SYSTEM32\WINMM.dll
[0925/150859.283:ERROR:process_memory_win.cc(73)] ReadMemory at 0x7ffed56c0000 of 64 bytes failed: Only part of a ReadProcessMemory or WriteProcessMemory request was completed. (0x12B)
[0925/150859.283:WARNING:pe_image_reader.cc(340)] could not read dos header from C:\WINDOWS\SYSTEM32\USERENV.dll
[0925/150859.283:ERROR:process_memory_win.cc(73)] ReadMemory at 0x7ffed5870000 of 64 bytes failed: Only part of a ReadProcessMemory or WriteProcessMemory request was completed. (0x12B)
[0925/150859.283:WARNING:pe_image_reader.cc(340)] could not read dos header from C:\WINDOWS\System32\profapi.dll
[0925/150859.283:ERROR:process_memory_win.cc(73)] ReadMemory at 0x7ffebd0e0000 of 64 bytes failed: Only part of a ReadProcessMemory or WriteProcessMemory request was completed. (0x12B)
[0925/150859.283:WARNING:pe_image_reader.cc(340)] could not read dos header from C:\WINDOWS\SYSTEM32\DWrite.dll
[0925/150859.283:ERROR:process_memory_win.cc(73)] ReadMemory at 0x7ffeca770000 of 64 bytes failed: Only part of a ReadProcessMemory or WriteProcessMemory request was completed. (0x12B)
[0925/150859.283:WARNING:pe_image_reader.cc(340)] could not read dos header from C:\WINDOWS\SYSTEM32\WINSPOOL.DRV
[0925/150859.283:ERROR:process_memory_win.cc(73)] ReadMemory at 0x7ffed57e0000 of 64 bytes failed: Only part of a ReadProcessMemory or WriteProcessMemory request was completed. (0x12B)
[0925/150859.283:WARNING:pe_image_reader.cc(340)] could not read dos header from C:\WINDOWS\System32\kernel.appcore.dll
[0925/150859.283:ERROR:process_memory_win.cc(73)] ReadMemory at 0x7ffed58c0000 of 64 bytes failed: Only part of a ReadProcessMemory or WriteProcessMemory request was completed. (0x12B)
[0925/150859.283:WARNING:pe_image_reader.cc(340)] could not read dos header from C:\WINDOWS\System32\bcrypt.dll
[0925/150859.283:ERROR:process_memory_win.cc(73)] ReadMemory at 0x7ffec1b00000 of 64 bytes failed: Only part of a ReadProcessMemory or WriteProcessMemory request was completed. (0x12B)
[0925/150859.283:WARNING:pe_image_reader.cc(340)] could not read dos header from C:\WINDOWS\SYSTEM32\dbghelp.dll
[0925/150859.283:ERROR:process_memory_win.cc(73)] ReadMemory at 0x7ffecf620000 of 64 bytes failed: Only part of a ReadProcessMemory or WriteProcessMemory request was completed. (0x12B)
[0925/150859.283:WARNING:pe_image_reader.cc(340)] could not read dos header from C:\WINDOWS\SYSTEM32\WINHTTP.dll
[0925/150859.283:ERROR:process_memory_win.cc(73)] ReadMemory at 0x7ffecc170000 of 64 bytes failed: Only part of a ReadProcessMemory or WriteProcessMemory request was completed. (0x12B)
[0925/150859.283:WARNING:pe_image_reader.cc(340)] could not read dos header from C:\WINDOWS\SYSTEM32\Secur32.dll
[0925/150859.283:ERROR:process_memory_win.cc(73)] ReadMemory at 0x7ffed0770000 of 64 bytes failed: Only part of a ReadProcessMemory or WriteProcessMemory request was completed. (0x12B)
[0925/150859.283:WARNING:pe_image_reader.cc(340)] could not read dos header from C:\WINDOWS\SYSTEM32\dhcpcsvc.DLL
[0925/150859.283:ERROR:process_memory_win.cc(73)] ReadMemory at 0x7ffed7f10000 of 64 bytes failed: Only part of a ReadProcessMemory or WriteProcessMemory request was completed. (0x12B)
[0925/150859.283:WARNING:pe_image_reader.cc(340)] could not read dos header from C:\WINDOWS\System32\NSI.dll
[0925/150859.283:ERROR:process_memory_win.cc(73)] ReadMemory at 0x7ffeccaa0000 of 64 bytes failed: Only part of a ReadProcessMemory or WriteProcessMemory request was completed. (0x12B)
[0925/150859.283:WARNING:pe_image_reader.cc(340)] could not read dos header from C:\WINDOWS\SYSTEM32\WINMMBASE.dll
[0925/150859.283:ERROR:process_memory_win.cc(73)] ReadMemory at 0x7ffed65a0000 of 64 bytes failed: Only part of a ReadProcessMemory or WriteProcessMemory request was completed. (0x12B)
[0925/150859.284:WARNING:pe_image_reader.cc(340)] could not read dos header from C:\WINDOWS\System32\cfgmgr32.dll
[0925/150859.284:ERROR:process_memory_win.cc(73)] ReadMemory at 0x7ffed1f30000 of 64 bytes failed: Only part of a ReadProcessMemory or WriteProcessMemory request was completed. (0x12B)
[0925/150859.284:WARNING:pe_image_reader.cc(340)] could not read dos header from C:\WINDOWS\SYSTEM32\PROPSYS.dll
[0925/150859.284:ERROR:process_memory_win.cc(73)] ReadMemory at 0x7ffed8760000 of 64 bytes failed: Only part of a ReadProcessMemory or WriteProcessMemory request was completed. (0x12B)
[0925/150859.284:WARNING:pe_image_reader.cc(340)] could not read dos header from C:\WINDOWS\System32\shcore.dll
[0925/150859.284:ERROR:process_memory_win.cc(73)] ReadMemory at 0x7ffed56f0000 of 64 bytes failed: Only part of a ReadProcessMemory or WriteProcessMemory request was completed. (0x12B)
[0925/150859.284:WARNING:pe_image_reader.cc(340)] could not read dos header from C:\WINDOWS\SYSTEM32\SSPICLI.DLL
[0925/150859.284:ERROR:process_memory_win.cc(73)] ReadMemory at 0x7ffed7e10000 of 64 bytes failed: Only part of a ReadProcessMemory or WriteProcessMemory request was completed. (0x12B)
[0925/150859.284:WARNING:pe_image_reader.cc(340)] could not read dos header from C:\WINDOWS\System32\IMM32.DLL
[0925/150859.284:ERROR:process_memory_win.cc(73)] ReadMemory at 0x7ffed51b0000 of 64 bytes failed: Only part of a ReadProcessMemory or WriteProcessMemory request was completed. (0x12B)
[0925/150859.284:WARNING:pe_image_reader.cc(340)] could not read dos header from C:\WINDOWS\SYSTEM32\CRYPTBASE.DLL
[0925/150859.288:ERROR:process_memory_win.cc(73)] ReadMemory at 0x552ebf8000 of 32768 bytes failed: Only part of a ReadProcessMemory or WriteProcessMemory request was completed. (0x12B)
[0925/150859.288:ERROR:process_memory_win.cc(73)] ReadMemory at 0x552f3fd000 of 12288 bytes failed: Only part of a ReadProcessMemory or WriteProcessMemory request was completed. (0x12B)
[0925/150859.288:ERROR:process_memory_win.cc(73)] ReadMemory at 0x552fbfd000 of 12288 bytes failed: Only part of a ReadProcessMemory or WriteProcessMemory request was completed. (0x12B)
[0925/150859.288:ERROR:process_memory_win.cc(73)] ReadMemory at 0x55303fc000 of 16384 bytes failed: Only part of a ReadProcessMemory or WriteProcessMemory request was completed. (0x12B)
[0925/150859.288:ERROR:process_memory_win.cc(73)] ReadMemory at 0x5530bfc000 of 16384 bytes failed: Only part of a ReadProcessMemory or WriteProcessMemory request was completed. (0x12B)
[0925/150859.288:ERROR:process_memory_win.cc(73)] ReadMemory at 0x55313fe000 of 8192 bytes failed: Only part of a ReadProcessMemory or WriteProcessMemory request was completed. (0x12B)
[0925/150859.288:ERROR:process_memory_win.cc(73)] ReadMemory at 0x5531bfd000 of 12288 bytes failed: Only part of a ReadProcessMemory or WriteProcessMemory request was completed. (0x12B)
[0925/150859.288:ERROR:process_memory_win.cc(73)] ReadMemory at 0x55323fb000 of 20480 bytes failed: Only part of a ReadProcessMemory or WriteProcessMemory request was completed. (0x12B)
[0925/150859.288:ERROR:process_memory_win.cc(73)] ReadMemory at 0x5532bfd000 of 12288 bytes failed: Only part of a ReadProcessMemory or WriteProcessMemory request was completed. (0x12B)
[0925/150859.288:ERROR:process_memory_win.cc(73)] ReadMemory at 0x55333fd000 of 12288 bytes failed: Only part of a ReadProcessMemory or WriteProcessMemory request was completed. (0x12B)
[0925/150859.288:ERROR:process_memory_win.cc(73)] ReadMemory at 0x5533bfd000 of 12288 bytes failed: Only part of a ReadProcessMemory or WriteProcessMemory request was completed. (0x12B)
[0925/150859.288:ERROR:process_memory_win.cc(73)] ReadMemory at 0x55343fd000 of 12288 bytes failed: Only part of a ReadProcessMemory or WriteProcessMemory request was completed. (0x12B)
[0925/150859.289:ERROR:process_memory_win.cc(73)] ReadMemory at 0x5534bfd000 of 12288 bytes failed: Only part of a ReadProcessMemory or WriteProcessMemory request was completed. (0x12B)
[0925/150859.289:ERROR:process_memory_win.cc(73)] ReadMemory at 0x55353fd000 of 12288 bytes failed: Only part of a ReadProcessMemory or WriteProcessMemory request was completed. (0x12B)
[0925/150859.289:ERROR:process_memory_win.cc(73)] ReadMemory at 0x5535bfd000 of 12288 bytes failed: Only part of a ReadProcessMemory or WriteProcessMemory request was completed. (0x12B)
[0925/150859.289:ERROR:process_memory_win.cc(73)] ReadMemory at 0x552e337000 of 852 bytes failed: Only part of a ReadProcessMemory or WriteProcessMemory request was completed. (0x12B)
[0925/150859.289:ERROR:process_memory_win.cc(73)] ReadMemory at 0x552e338000 of 6024 bytes failed: Only part of a ReadProcessMemory or WriteProcessMemory request was completed. (0x12B)
[0925/150859.289:ERROR:process_memory_win.cc(73)] ReadMemory at 0x552e33a000 of 6024 bytes failed: Only part of a ReadProcessMemory or WriteProcessMemory request was completed. (0x12B)
[0925/150859.289:ERROR:process_memory_win.cc(73)] ReadMemory at 0x552e33c000 of 6024 bytes failed: Only part of a ReadProcessMemory or WriteProcessMemory request was completed. (0x12B)
[0925/150859.289:ERROR:process_memory_win.cc(73)] ReadMemory at 0x552e33e000 of 6024 bytes failed: Only part of a ReadProcessMemory or WriteProcessMemory request was completed. (0x12B)
[0925/150859.289:ERROR:process_memory_win.cc(73)] ReadMemory at 0x552e340000 of 6024 bytes failed: Only part of a ReadProcessMemory or WriteProcessMemory request was completed. (0x12B)
[0925/150859.289:ERROR:process_memory_win.cc(73)] ReadMemory at 0x552e342000 of 6024 bytes failed: Only part of a ReadProcessMemory or WriteProcessMemory request was completed. (0x12B)
[0925/150859.289:ERROR:process_memory_win.cc(73)] ReadMemory at 0x552e344000 of 6024 bytes failed: Only part of a ReadProcessMemory or WriteProcessMemory request was completed. (0x12B)
[0925/150859.289:ERROR:process_memory_win.cc(73)] ReadMemory at 0x552e346000 of 6024 bytes failed: Only part of a ReadProcessMemory or WriteProcessMemory request was completed. (0x12B)
[0925/150859.289:ERROR:process_memory_win.cc(73)] ReadMemory at 0x552e348000 of 6024 bytes failed: Only part of a ReadProcessMemory or WriteProcessMemory request was completed. (0x12B)
[0925/150859.289:ERROR:process_memory_win.cc(73)] ReadMemory at 0x552e34a000 of 6024 bytes failed: Only part of a ReadProcessMemory or WriteProcessMemory request was completed. (0x12B)
[0925/150859.289:ERROR:process_memory_win.cc(73)] ReadMemory at 0x552e34c000 of 6024 bytes failed: Only part of a ReadProcessMemory or WriteProcessMemory request was completed. (0x12B)
[0925/150859.289:ERROR:process_memory_win.cc(73)] ReadMemory at 0x552e34e000 of 6024 bytes failed: Only part of a ReadProcessMemory or WriteProcessMemory request was completed. (0x12B)
[0925/150859.289:ERROR:process_memory_win.cc(73)] ReadMemory at 0x552e350000 of 6024 bytes failed: Only part of a ReadProcessMemory or WriteProcessMemory request was completed. (0x12B)
[0925/150859.290:ERROR:process_memory_win.cc(73)] ReadMemory at 0x552e352000 of 6024 bytes failed: Only part of a ReadProcessMemory or WriteProcessMemory request was completed. (0x12B)
[0925/150859.290:ERROR:process_memory_win.cc(73)] ReadMemory at 0x552e354000 of 6024 bytes failed: Only part of a ReadProcessMemory or WriteProcessMemory request was completed. (0x12B)
[0925/150859.290:ERROR:process_memory_win.cc(73)] ReadMemory at 0x160b26b0750 of 80 bytes failed: Only part of a ReadProcessMemory or WriteProcessMemory request was completed. (0x12B)
[0925/150859.290:ERROR:process_memory_win.cc(73)] ReadMemory at 0x160b26b0fe0 of 6232 bytes failed: Only part of a ReadProcessMemory or WriteProcessMemory request was completed. (0x12B)
[0925/150859.290:ERROR:process_memory_win.cc(73)] ReadMemory at 0x160b26b2840 of 1012 bytes failed: Only part of a ReadProcessMemory or WriteProcessMemory request was completed. (0x12B)
[0925/150859.290:ERROR:process_memory_win.cc(73)] ReadMemory at 0x160b26b2e88 of 118 bytes failed: Only part of a ReadProcessMemory or WriteProcessMemory request was completed. (0x12B)
[0925/150859.290:ERROR:process_memory_win.cc(73)] ReadMemory at 0x160b26b2f00 of 864 bytes failed: Only part of a ReadProcessMemory or WriteProcessMemory request was completed. (0x12B)
[0925/150859.290:ERROR:process_memory_win.cc(73)] ReadMemory at 0x160b26b3262 of 118 bytes failed: Only part of a ReadProcessMemory or WriteProcessMemory request was completed. (0x12B)
[0925/150859.290:ERROR:process_memory_win.cc(73)] ReadMemory at 0x160b26b32da of 100 bytes failed: Only part of a ReadProcessMemory or WriteProcessMemory request was completed. (0x12B)
[0925/150859.290:ERROR:process_memory_win.cc(73)] ReadMemory at 0x160b26b3350 of 58 bytes failed: Only part of a ReadProcessMemory or WriteProcessMemory request was completed. (0x12B)
[0925/150859.290:ERROR:process_memory_win.cc(73)] ReadMemory at 0x160b26b3450 of 132 bytes failed: Only part of a ReadProcessMemory or WriteProcessMemory request was completed. (0x12B)
[0925/150859.290:ERROR:process_memory_win.cc(73)] ReadMemory at 0x160b26b35e0 of 132 bytes failed: Only part of a ReadProcessMemory or WriteProcessMemory request was completed. (0x12B)
[0925/150859.290:ERROR:process_memory_win.cc(73)] ReadMemory at 0x160b26b37a0 of 124 bytes failed: Only part of a ReadProcessMemory or WriteProcessMemory request was completed. (0x12B)
[0925/150859.290:ERROR:process_memory_win.cc(73)] ReadMemory at 0x160b26b3b80 of 132 bytes failed: Only part of a ReadProcessMemory or WriteProcessMemory request was completed. (0x12B)
[0925/150859.290:ERROR:process_memory_win.cc(73)] ReadMemory at 0x160b26b3d10 of 64 bytes failed: Only part of a ReadProcessMemory or WriteProcessMemory request was completed. (0x12B)
[0925/150859.290:ERROR:process_memory_win.cc(73)] ReadMemory at 0x160b26b3ed0 of 132 bytes failed: Only part of a ReadProcessMemory or WriteProcessMemory request was completed. (0x12B)
[0925/150859.290:ERROR:process_memory_win.cc(73)] ReadMemory at 0x160b26b4170 of 132 bytes failed: Only part of a ReadProcessMemory or WriteProcessMemory request was completed. (0x12B)
[0925/150859.290:ERROR:process_memory_win.cc(73)] ReadMemory at 0x160b26b4300 of 68 bytes failed: Only part of a ReadProcessMemory or WriteProcessMemory request was completed. (0x12B)
[0925/150859.290:ERROR:process_memory_win.cc(73)] ReadMemory at 0x160b26b5400 of 132 bytes failed: Only part of a ReadProcessMemory or WriteProcessMemory request was completed. (0x12B)
[0925/150859.290:ERROR:process_memory_win.cc(73)] ReadMemory at 0x160b26b5590 of 152 bytes failed: Only part of a ReadProcessMemory or WriteProcessMemory request was completed. (0x12B)
[0925/150859.290:ERROR:process_memory_win.cc(73)] ReadMemory at 0x160b26b63a0 of 62 bytes failed: Only part of a ReadProcessMemory or WriteProcessMemory request was completed. (0x12B)
[0925/150859.290:ERROR:process_memory_win.cc(73)] ReadMemory at 0x160b26b6420 of 156 bytes failed: Only part of a ReadProcessMemory or WriteProcessMemory request was completed. (0x12B)
[0925/150859.290:ERROR:process_memory_win.cc(73)] ReadMemory at 0x160b26b6500 of 132 bytes failed: Only part of a ReadProcessMemory or WriteProcessMemory request was completed. (0x12B)
[0925/150859.290:ERROR:process_memory_win.cc(73)] ReadMemory at 0x160b26b6690 of 60 bytes failed: Only part of a ReadProcessMemory or WriteProcessMemory request was completed. (0x12B)
[0925/150859.291:ERROR:process_memory_win.cc(73)] ReadMemory at 0x160b26b6810 of 132 bytes failed: Only part of a ReadProcessMemory or WriteProcessMemory request was completed. (0x12B)
[0925/150859.291:ERROR:process_memory_win.cc(73)] ReadMemory at 0x160b26b6940 of 132 bytes failed: Only part of a ReadProcessMemory or WriteProcessMemory request was completed. (0x12B)
[0925/150859.291:ERROR:process_memory_win.cc(73)] ReadMemory at 0x160b26b74fa of 512 bytes failed: Only part of a ReadProcessMemory or WriteProcessMemory request was completed. (0x12B)
[0925/150859.291:ERROR:process_memory_win.cc(73)] ReadMemory at 0x160b26b8390 of 132 bytes failed: Only part of a ReadProcessMemory or WriteProcessMemory request was completed. (0x12B)
[0925/150859.291:ERROR:process_memory_win.cc(73)] ReadMemory at 0x160b26bb420 of 66 bytes failed: Only part of a ReadProcessMemory or WriteProcessMemory request was completed. (0x12B)
[0925/150859.291:ERROR:process_memory_win.cc(73)] ReadMemory at 0x160b26bb470 of 64 bytes failed: Only part of a ReadProcessMemory or WriteProcessMemory request was completed. (0x12B)
[0925/150859.291:ERROR:process_memory_win.cc(73)] ReadMemory at 0x160b26bb510 of 62 bytes failed: Only part of a ReadProcessMemory or WriteProcessMemory request was completed. (0x12B)
[0925/150859.291:ERROR:process_memory_win.cc(73)] ReadMemory at 0x160b26bb560 of 64 bytes failed: Only part of a ReadProcessMemory or WriteProcessMemory request was completed. (0x12B)
[0925/150859.291:ERROR:process_memory_win.cc(73)] ReadMemory at 0x160b26bb5b0 of 60 bytes failed: Only part of a ReadProcessMemory or WriteProcessMemory request was completed. (0x12B)
[0925/150859.291:ERROR:process_memory_win.cc(73)] ReadMemory at 0x160b26bb600 of 58 bytes failed: Only part of a ReadProcessMemory or WriteProcessMemory request was completed. (0x12B)
[0925/150859.291:ERROR:process_memory_win.cc(73)] ReadMemory at 0x160b26bb650 of 62 bytes failed: Only part of a ReadProcessMemory or WriteProcessMemory request was completed. (0x12B)
[0925/150859.291:ERROR:process_memory_win.cc(73)] ReadMemory at 0x160b26bb6a0 of 60 bytes failed: Only part of a ReadProcessMemory or WriteProcessMemory request was completed. (0x12B)
[0925/150859.291:ERROR:process_memory_win.cc(73)] ReadMemory at 0x160b26bb880 of 64 bytes failed: Only part of a ReadProcessMemory or WriteProcessMemory request was completed. (0x12B)
[0925/150859.291:ERROR:process_memory_win.cc(73)] ReadMemory at 0x160b26bc380 of 76 bytes failed: Only part of a ReadProcessMemory or WriteProcessMemory request was completed. (0x12B)
[0925/150859.291:ERROR:process_memory_win.cc(73)] ReadMemory at 0x160b26be1c0 of 54 bytes failed: Only part of a ReadProcessMemory or WriteProcessMemory request was completed. (0x12B)
[0925/150859.291:ERROR:process_memory_win.cc(73)] ReadMemory at 0x160b26bf100 of 132 bytes failed: Only part of a ReadProcessMemory or WriteProcessMemory request was completed. (0x12B)
[0925/150859.291:ERROR:process_memory_win.cc(73)] ReadMemory at 0x160b26bf720 of 132 bytes failed: Only part of a ReadProcessMemory or WriteProcessMemory request was completed. (0x12B)
[0925/150859.291:ERROR:process_memory_win.cc(73)] ReadMemory at 0x160b26c0c10 of 132 bytes failed: Only part of a ReadProcessMemory or WriteProcessMemory request was completed. (0x12B)
[0925/150859.291:ERROR:process_memory_win.cc(73)] ReadMemory at 0x160b26c0e80 of 132 bytes failed: Only part of a ReadProcessMemory or WriteProcessMemory request was completed. (0x12B)
[0925/150859.291:ERROR:process_memory_win.cc(73)] ReadMemory at 0x160b26c2240 of 132 bytes failed: Only part of a ReadProcessMemory or WriteProcessMemory request was completed. (0x12B)
[0925/150859.291:ERROR:process_memory_win.cc(73)] ReadMemory at 0x160b26c2520 of 132 bytes failed: Only part of a ReadProcessMemory or WriteProcessMemory request was completed. (0x12B)
[0925/150859.291:ERROR:process_memory_win.cc(73)] ReadMemory at 0x160b26c4ba0 of 132 bytes failed: Only part of a ReadProcessMemory or WriteProcessMemory request was completed. (0x12B)
[0925/150859.291:ERROR:process_memory_win.cc(73)] ReadMemory at 0x160b26c4f10 of 132 bytes failed: Only part of a ReadProcessMemory or WriteProcessMemory request was completed. (0x12B)
[0925/150859.291:ERROR:process_memory_win.cc(73)] ReadMemory at 0x160b26c5040 of 132 bytes failed: Only part of a ReadProcessMemory or WriteProcessMemory request was completed. (0x12B)
[0925/150859.291:ERROR:process_memory_win.cc(73)] ReadMemory at 0x160b26c5170 of 132 bytes failed: Only part of a ReadProcessMemory or WriteProcessMemory request was completed. (0x12B)
[0925/150859.291:ERROR:process_memory_win.cc(73)] ReadMemory at 0x160b26c52a0 of 132 bytes failed: Only part of a ReadProcessMemory or WriteProcessMemory request was completed. (0x12B)
[0925/150859.292:ERROR:process_memory_win.cc(73)] ReadMemory at 0x160b26c53d0 of 132 bytes failed: Only part of a ReadProcessMemory or WriteProcessMemory request was completed. (0x12B)
[0925/150859.292:ERROR:process_memory_win.cc(73)] ReadMemory at 0x160b26c5630 of 132 bytes failed: Only part of a ReadProcessMemory or WriteProcessMemory request was completed. (0x12B)
[0925/150859.292:ERROR:process_memory_win.cc(73)] ReadMemory at 0x160b26c5760 of 132 bytes failed: Only part of a ReadProcessMemory or WriteProcessMemory request was completed. (0x12B)
[0925/150859.292:ERROR:process_memory_win.cc(73)] ReadMemory at 0x160b26c5890 of 132 bytes failed: Only part of a ReadProcessMemory or WriteProcessMemory request was completed. (0x12B)
[0925/150859.292:ERROR:process_memory_win.cc(73)] ReadMemory at 0x160b26c59c0 of 132 bytes failed: Only part of a ReadProcessMemory or WriteProcessMemory request was completed. (0x12B)
[0925/150859.292:ERROR:process_memory_win.cc(73)] ReadMemory at 0x160b26c5af0 of 132 bytes failed: Only part of a ReadProcessMemory or WriteProcessMemory request was completed. (0x12B)
[0925/150859.292:ERROR:process_memory_win.cc(73)] ReadMemory at 0x160b26c5c20 of 132 bytes failed: Only part of a ReadProcessMemory or WriteProcessMemory request was completed. (0x12B)
[0925/150859.292:ERROR:process_memory_win.cc(73)] ReadMemory at 0x160b26c5d50 of 132 bytes failed: Only part of a ReadProcessMemory or WriteProcessMemory request was completed. (0x12B)
[0925/150859.292:ERROR:process_memory_win.cc(73)] ReadMemory at 0x160b26c6000 of 60 bytes failed: Only part of a ReadProcessMemory or WriteProcessMemory request was completed. (0x12B)
[0925/150859.292:ERROR:process_memory_win.cc(73)] ReadMemory at 0x160b26c6140 of 64 bytes failed: Only part of a ReadProcessMemory or WriteProcessMemory request was completed. (0x12B)
[0925/150859.292:ERROR:process_memory_win.cc(73)] ReadMemory at 0x160b26c61e0 of 62 bytes failed: Only part of a ReadProcessMemory or WriteProcessMemory request was completed. (0x12B)
[0925/150859.292:ERROR:process_memory_win.cc(73)] ReadMemory at 0x160b26c62d0 of 60 bytes failed: Only part of a ReadProcessMemory or WriteProcessMemory request was completed. (0x12B)
[0925/150859.292:ERROR:process_memory_win.cc(73)] ReadMemory at 0x160b26c63c0 of 58 bytes failed: Only part of a ReadProcessMemory or WriteProcessMemory request was completed. (0x12B)
[0925/150859.292:ERROR:process_memory_win.cc(73)] ReadMemory at 0x160b26c6410 of 62 bytes failed: Only part of a ReadProcessMemory or WriteProcessMemory request was completed. (0x12B)
[0925/150859.292:ERROR:process_memory_win.cc(73)] ReadMemory at 0x160b26c65f0 of 62 bytes failed: Only part of a ReadProcessMemory or WriteProcessMemory request was completed. (0x12B)
[0925/150859.292:ERROR:process_memory_win.cc(73)] ReadMemory at 0x160b26c6820 of 60 bytes failed: Only part of a ReadProcessMemory or WriteProcessMemory request was completed. (0x12B)
[0925/150859.292:ERROR:process_memory_win.cc(73)] ReadMemory at 0x160b26c6870 of 60 bytes failed: Only part of a ReadProcessMemory or WriteProcessMemory request was completed. (0x12B)
[0925/150859.293:ERROR:process_memory_win.cc(73)] ReadMemory at 0x160b26c6960 of 58 bytes failed: Only part of a ReadProcessMemory or WriteProcessMemory request was completed. (0x12B)
[0925/150859.293:ERROR:process_memory_win.cc(73)] ReadMemory at 0x160b26c69b0 of 62 bytes failed: Only part of a ReadProcessMemory or WriteProcessMemory request was completed. (0x12B)
[0925/150859.293:ERROR:process_memory_win.cc(73)] ReadMemory at 0x160b26c6a00 of 62 bytes failed: Only part of a ReadProcessMemory or WriteProcessMemory request was completed. (0x12B)
[0925/150859.293:ERROR:process_memory_win.cc(73)] ReadMemory at 0x160b26c6a50 of 62 bytes failed: Only part of a ReadProcessMemory or WriteProcessMemory request was completed. (0x12B)
[0925/150859.293:ERROR:process_memory_win.cc(73)] ReadMemory at 0x160b26c6b40 of 62 bytes failed: Only part of a ReadProcessMemory or WriteProcessMemory request was completed. (0x12B)
[0925/150859.293:ERROR:process_memory_win.cc(73)] ReadMemory at 0x160b26c6c80 of 64 bytes failed: Only part of a ReadProcessMemory or WriteProcessMemory request was completed. (0x12B)
[0925/150859.293:ERROR:process_memory_win.cc(73)] ReadMemory at 0x160b26c6cd0 of 64 bytes failed: Only part of a ReadProcessMemory or WriteProcessMemory request was completed. (0x12B)
[0925/150859.293:ERROR:process_memory_win.cc(73)] ReadMemory at 0x160b26c6d70 of 64 bytes failed: Only part of a ReadProcessMemory or WriteProcessMemory request was completed. (0x12B)
[0925/150859.293:ERROR:process_memory_win.cc(73)] ReadMemory at 0x160b26c6dc0 of 62 bytes failed: Only part of a ReadProcessMemory or WriteProcessMemory request was completed. (0x12B)
[0925/150859.293:ERROR:process_memory_win.cc(73)] ReadMemory at 0x160b26c6e10 of 64 bytes failed: Only part of a ReadProcessMemory or WriteProcessMemory request was completed. (0x12B)
[0925/150859.293:ERROR:process_memory_win.cc(73)] ReadMemory at 0x160b26c6e60 of 60 bytes failed: Only part of a ReadProcessMemory or WriteProcessMemory request was completed. (0x12B)
[0925/150859.293:ERROR:process_memory_win.cc(73)] ReadMemory at 0x160b26c6eb0 of 66 bytes failed: Only part of a ReadProcessMemory or WriteProcessMemory request was completed. (0x12B)
[0925/150859.293:ERROR:process_memory_win.cc(73)] ReadMemory at 0x160b26c6f00 of 60 bytes failed: Only part of a ReadProcessMemory or WriteProcessMemory request was completed. (0x12B)
[0925/150859.293:ERROR:process_memory_win.cc(73)] ReadMemory at 0x160b26c6f50 of 66 bytes failed: Only part of a ReadProcessMemory or WriteProcessMemory request was completed. (0x12B)
[0925/150859.293:ERROR:process_memory_win.cc(73)] ReadMemory at 0x160b26c7010 of 132 bytes failed: Only part of a ReadProcessMemory or WriteProcessMemory request was completed. (0x12B)
[0925/150859.293:ERROR:process_memory_win.cc(73)] ReadMemory at 0x160b26c73a0 of 132 bytes failed: Only part of a ReadProcessMemory or WriteProcessMemory request was completed. (0x12B)
[0925/150859.293:ERROR:process_memory_win.cc(73)] ReadMemory at 0x160b26c74d0 of 132 bytes failed: Only part of a ReadProcessMemory or WriteProcessMemory request was completed. (0x12B)
[0925/150859.294:ERROR:process_memory_win.cc(73)] ReadMemory at 0x160b26c7600 of 132 bytes failed: Only part of a ReadProcessMemory or WriteProcessMemory request was completed. (0x12B)
[0925/150859.294:ERROR:process_memory_win.cc(73)] ReadMemory at 0x160b26c7860 of 132 bytes failed: Only part of a ReadProcessMemory or WriteProcessMemory request was completed. (0x12B)
[0925/150859.294:ERROR:process_memory_win.cc(73)] ReadMemory at 0x160b26c7990 of 132 bytes failed: Only part of a ReadProcessMemory or WriteProcessMemory request was completed. (0x12B)
[0925/150859.294:ERROR:process_memory_win.cc(73)] ReadMemory at 0x160b26c7bf0 of 132 bytes failed: Only part of a ReadProcessMemory or WriteProcessMemory request was completed. (0x12B)
[0925/150859.294:ERROR:process_memory_win.cc(73)] ReadMemory at 0x160b26c7d20 of 132 bytes failed: Only part of a ReadProcessMemory or WriteProcessMemory request was completed. (0x12B)
[0925/150859.294:ERROR:process_memory_win.cc(73)] ReadMemory at 0x160b26c7f80 of 132 bytes failed: Only part of a ReadProcessMemory or WriteProcessMemory request was completed. (0x12B)
[0925/150859.294:ERROR:process_memory_win.cc(73)] ReadMemory at 0x160b26c81e0 of 132 bytes failed: Only part of a ReadProcessMemory or WriteProcessMemory request was completed. (0x12B)
[0925/150859.294:ERROR:process_memory_win.cc(73)] ReadMemory at 0x160b26c87d0 of 132 bytes failed: Only part of a ReadProcessMemory or WriteProcessMemory request was completed. (0x12B)
[0925/150859.295:ERROR:process_memory_win.cc(73)] ReadMemory at 0x160b26c8900 of 132 bytes failed: Only part of a ReadProcessMemory or WriteProcessMemory request was completed. (0x12B)
[0925/150859.295:ERROR:process_memory_win.cc(73)] ReadMemory at 0x160b26c8c90 of 132 bytes failed: Only part of a ReadProcessMemory or WriteProcessMemory request was completed. (0x12B)
[0925/150859.295:ERROR:process_memory_win.cc(73)] ReadMemory at 0x160b26c8dc0 of 132 bytes failed: Only part of a ReadProcessMemory or WriteProcessMemory request was completed. (0x12B)
[0925/150859.295:ERROR:process_memory_win.cc(73)] ReadMemory at 0x160b26dc1e0 of 512 bytes failed: Only part of a ReadProcessMemory or WriteProcessMemory request was completed. (0x12B)
[0925/150859.295:ERROR:process_memory_win.cc(73)] ReadMemory at 0x160b26dcd10 of 512 bytes failed: Only part of a ReadProcessMemory or WriteProcessMemory request was completed. (0x12B)
[0925/150859.295:ERROR:process_memory_win.cc(73)] ReadMemory at 0x160b2910d90 of 512 bytes failed: Only part of a ReadProcessMemory or WriteProcessMemory request was completed. (0x12B)
[0925/150859.296:ERROR:process_memory_win.cc(73)] ReadMemory at 0x160b2e3adf0 of 512 bytes failed: Only part of a ReadProcessMemory or WriteProcessMemory request was completed. (0x12B)
[0925/150859.296:ERROR:process_memory_win.cc(73)] ReadMemory at 0x160b2e45220 of 512 bytes failed: Only part of a ReadProcessMemory or WriteProcessMemory request was completed. (0x12B)
[0925/150859.296:ERROR:process_memory_win.cc(73)] ReadMemory at 0x160b2e454c0 of 512 bytes failed: Only part of a ReadProcessMemory or WriteProcessMemory request was completed. (0x12B)
[0925/150859.296:ERROR:process_memory_win.cc(73)] ReadMemory at 0x160b2e47200 of 512 bytes failed: Only part of a ReadProcessMemory or WriteProcessMemory request was completed. (0x12B)
[0925/150859.296:ERROR:process_memory_win.cc(73)] ReadMemory at 0x160b2e62970 of 712 bytes failed: Only part of a ReadProcessMemory or WriteProcessMemory request was completed. (0x12B)
[0925/150859.296:ERROR:process_memory_win.cc(73)] ReadMemory at 0x160b2eb9ee0 of 512 bytes failed: Only part of a ReadProcessMemory or WriteProcessMemory request was completed. (0x12B)
[0925/150859.296:ERROR:process_memory_win.cc(73)] ReadMemory at 0x160b4b856d8 of 944 bytes failed: Only part of a ReadProcessMemory or WriteProcessMemory request was completed. (0x12B)
[0925/150859.296:ERROR:process_memory_win.cc(73)] ReadMemory at 0x160b4b85b58 of 512 bytes failed: Only part of a ReadProcessMemory or WriteProcessMemory request was completed. (0x12B)
[0925/150859.296:ERROR:process_memory_win.cc(73)] ReadMemory at 0x160b4b86068 of 512 bytes failed: Only part of a ReadProcessMemory or WriteProcessMemory request was completed. (0x12B)
[0925/150859.296:ERROR:process_memory_win.cc(73)] ReadMemory at 0x160b4b86608 of 512 bytes failed: Only part of a ReadProcessMemory or WriteProcessMemory request was completed. (0x12B)
[0925/150859.296:ERROR:process_memory_win.cc(73)] ReadMemory at 0x160b4c911d0 of 512 bytes failed: Only part of a ReadProcessMemory or WriteProcessMemory request was completed. (0x12B)
[0925/150859.296:ERROR:process_memory_win.cc(73)] ReadMemory at 0x160b577f650 of 512 bytes failed: Only part of a ReadProcessMemory or WriteProcessMemory request was completed. (0x12B)
[0925/150859.296:ERROR:process_memory_win.cc(73)] ReadMemory at 0x160b5787348 of 512 bytes failed: Only part of a ReadProcessMemory or WriteProcessMemory request was completed. (0x12B)
[0925/150859.296:ERROR:process_memory_win.cc(73)] ReadMemory at 0x7ffe96907b50 of 512 bytes failed: Only part of a ReadProcessMemory or WriteProcessMemory request was completed. (0x12B)
[0925/150859.296:ERROR:process_memory_win.cc(73)] ReadMemory at 0x7ffe97466acc of 512 bytes failed: Only part of a ReadProcessMemory or WriteProcessMemory request was completed. (0x12B)
[0925/150859.296:ERROR:process_memory_win.cc(73)] ReadMemory at 0x7ffe97bd75a2 of 553 bytes failed: Only part of a ReadProcessMemory or WriteProcessMemory request was completed. (0x12B)
[0925/150859.297:ERROR:process_memory_win.cc(73)] ReadMemory at 0x7ffed5b5b6d0 of 512 bytes failed: Only part of a ReadProcessMemory or WriteProcessMemory request was completed. (0x12B)
[0925/150859.297:ERROR:process_memory_win.cc(73)] ReadMemory at 0x7ffed7c01f80 of 512 bytes failed: Only part of a ReadProcessMemory or WriteProcessMemory request was completed. (0x12B)
[0925/150859.297:ERROR:process_memory_win.cc(73)] ReadMemory at 0x7ffed899c0d4 of 672 bytes failed: Only part of a ReadProcessMemory or WriteProcessMemory request was completed. (0x12B)
[0925/150859.297:ERROR:process_memory_win.cc(73)] ReadMemory at 0x7ffed899c6d4 of 512 bytes failed: Only part of a ReadProcessMemory or WriteProcessMemory request was completed. (0x12B)
[0925/150859.297:ERROR:process_memory_win.cc(73)] ReadMemory at 0x7ffed899f984 of 608 bytes failed: Only part of a ReadProcessMemory or WriteProcessMemory request was completed. (0x12B)
[0925/150859.297:ERROR:process_memory_win.cc(73)] ReadMemory at 0x7ffed8a2c428 of 18 bytes failed: Only part of a ReadProcessMemory or WriteProcessMemory request was completed. (0x12B)
[0925/150859.297:ERROR:process_memory_win.cc(73)] ReadMemory at 0x7ffed8a5f4f8 of 40 bytes failed: Only part of a ReadProcessMemory or WriteProcessMemory request was completed. (0x12B)
[0925/150859.297:ERROR:process_memory_win.cc(73)] ReadMemory at 0x7ffed8a5f978 of 48 bytes failed: Only part of a ReadProcessMemory or WriteProcessMemory request was completed. (0x12B)
[0925/150859.297:ERROR:process_memory_win.cc(73)] ReadMemory at 0x7ffed8a653c0 of 64 bytes failed: Only part of a ReadProcessMemory or WriteProcessMemory request was completed. (0x12B)
[0925/150859.299:ERROR:scoped_process_suspend.cc(40)] NtResumeProcess: An attempt was made to access an exiting process. (0xc000010a)
